[    0.000000] Initializing cgroup subsys cpuset
[    0.000000] Initializing cgroup subsys cpu
[    0.000000] Initializing cgroup subsys cpuacct
[    0.000000] Linux version 4.4.0-91-generic (buildd@lcy01-11) (gcc version 5.4.0 20160609 (Ubuntu 5.4.0-6ubuntu1~16.04.4) ) #114-Ubuntu SMP Tue Aug 8 11:56:56 UTC 2017 (Ubuntu 4.4.0-91.114-generic 4.4.76)
[    0.000000] Command line: BOOT_IMAGE=/boot/vmlinuz-4.4.0-91-generic root=LABEL=cloudimg-rootfs ro console=tty1 console=ttyS0
[    0.000000] KERNEL supported cpus:
[    0.000000]   Intel GenuineIntel
[    0.000000]   AMD AuthenticAMD
[    0.000000]   Centaur CentaurHauls
[    0.000000] ------------[ cut here ]------------
[    0.000000] WARNING: CPU: 0 PID: 0 at /build/linux-Nq9dsd/linux-4.4.0/arch/x86/kernel/fpu/xstate.c:517 fpu__init_system_xstate+0x38b/0x75a()
[    0.000000] XSAVE consistency problem, dumping leaves
[    0.000000] Modules linked in:
[    0.000000] CPU: 0 PID: 0 Comm: swapper Not tainted 4.4.0-91-generic #114-Ubuntu
[    0.000000]  0000000000000086 f375159e047c641d ffffffff81e03d80 ffffffff813f9c83
[    0.000000]  ffffffff81e03dc8 ffffffff81caa208 ffffffff81e03db8 ffffffff81081312
[    0.000000]  ffffffff81e03e48 ffffffff81e03e4c 0000000000000008 0000000000000100
[    0.000000] Call Trace:
[    0.000000]  [<ffffffff813f9c83>] dump_stack+0x63/0x90
[    0.000000]  [<ffffffff81081312>] warn_slowpath_common+0x82/0xc0
[    0.000000]  [<ffffffff810813ac>] warn_slowpath_fmt+0x5c/0x80
[    0.000000]  [<ffffffff8107d020>] ? xfeature_size+0x59/0x77
[    0.000000]  [<ffffffff81f6d206>] fpu__init_system_xstate+0x38b/0x75a
[    0.000000]  [<ffffffff81f5d120>] ? early_idt_handler_array+0x120/0x120
[    0.000000]  [<ffffffff81f6cb71>] fpu__init_system+0x10d/0x245
[    0.000000]  [<ffffffff81f6dc7a>] early_cpu_init+0x139/0x13e
[    0.000000]  [<ffffffff81f6dc7a>] ? early_cpu_init+0x139/0x13e
[    0.000000]  [<ffffffff81f69181>] setup_arch+0xb4/0xcf1
[    0.000000]  [<ffffffff81f5d120>] ? early_idt_handler_array+0x120/0x120
[    0.000000]  [<ffffffff81f5dc74>] start_kernel+0xe4/0x4a2
[    0.000000]  [<ffffffff81f5d120>] ? early_idt_handler_array+0x120/0x120
[    0.000000]  [<ffffffff81f5d339>] x86_64_start_reservations+0x2a/0x2c
[    0.000000]  [<ffffffff81f5d485>] x86_64_start_kernel+0x14a/0x16d
[    0.000000] ---[ end trace 4d5ff9f2f68c4233 ]---
[    0.000000] CPUID[0d, 00]: eax=00000007 ebx=00000440 ecx=00000440 edx=00000000
[    0.000000] CPUID[0d, 01]: eax=00000000 ebx=000003c0 ecx=00000000 edx=00000000
[    0.000000] CPUID[0d, 02]: eax=00000100 ebx=00000240 ecx=00000000 edx=00000000
[    0.000000] CPUID[0d, 03]: eax=00000000 ebx=00000000 ecx=00000000 edx=00000000
[    0.000000] CPUID[0d, 04]: eax=00000000 ebx=00000000 ecx=00000000 edx=00000000
[    0.000000] CPUID[0d, 05]: eax=00000000 ebx=00000000 ecx=00000000 edx=00000000
[    0.000000] CPUID[0d, 06]: eax=00000000 ebx=00000000 ecx=00000000 edx=00000000
[    0.000000] CPUID[0d, 07]: eax=00000000 ebx=00000000 ecx=00000000 edx=00000000
[    0.000000] CPUID[0d, 08]: eax=00000000 ebx=00000000 ecx=00000000 edx=00000000
[    0.000000] CPUID[0d, 09]: eax=00000000 ebx=00000000 ecx=00000000 edx=00000000
[    0.000000] CPUID[0d, 0a]: eax=00000000 ebx=00000000 ecx=00000000 edx=00000000
[    0.000000] CPUID[0d, 0b]: eax=00000000 ebx=00000000 ecx=00000000 edx=00000000
[    0.000000] CPUID[0d, 0c]: eax=00000000 ebx=00000000 ecx=00000000 edx=00000000
[    0.000000] CPUID[0d, 0d]: eax=00000000 ebx=00000000 ecx=00000000 edx=00000000
[    0.000000] CPUID[0d, 0e]: eax=00000000 ebx=00000000 ecx=00000000 edx=00000000
[    0.000000] CPUID[0d, 0f]: eax=00000000 ebx=00000000 ecx=00000000 edx=00000000
[    0.000000] CPUID[0d, 10]: eax=00000000 ebx=00000000 ecx=00000000 edx=00000000
[    0.000000] CPUID[0d, 11]: eax=00000000 ebx=00000000 ecx=00000000 edx=00000000
[    0.000000] x86/fpu: xstate_offset[2]:  576, xstate_sizes[2]:  256
[    0.000000] x86/fpu: Supporting XSAVE feature 0x01: 'x87 floating point registers'
[    0.000000] x86/fpu: Supporting XSAVE feature 0x02: 'SSE registers'
[    0.000000] x86/fpu: Supporting XSAVE feature 0x04: 'AVX registers'
[    0.000000] x86/fpu: Enabled xstate features 0x7, context size is 1088 bytes, using 'standard' format.
[    0.000000] x86/fpu: Using 'lazy' FPU context switches.
[    0.000000] e820: BIOS-provided physical RAM map:
[    0.000000] BIOS-e820: [mem 0x0000000000000000-0x000000000009fbff] usable
[    0.000000] BIOS-e820: [mem 0x000000000009fc00-0x000000000009ffff] reserved
[    0.000000] BIOS-e820: [mem 0x00000000000f0000-0x00000000000fffff] reserved
[    0.000000] BIOS-e820: [mem 0x0000000000100000-0x00000000c17effff] usable
[    0.000000] BIOS-e820: [mem 0x00000000c17f0000-0x00000000c17fffff] ACPI data
[    0.000000] BIOS-e820: [mem 0x00000000fec00000-0x00000000fec00fff] reserved
[    0.000000] BIOS-e820: [mem 0x00000000fee00000-0x00000000fee00fff] reserved
[    0.000000] BIOS-e820: [mem 0x00000000fffc0000-0x00000000ffffffff] reserved
[    0.000000] NX (Execute Disable) protection: active
[    0.000000] SMBIOS 2.5 present.
[    0.000000] Hypervisor detected: KVM
[    0.000000] e820: last_pfn = 0xc17f0 max_arch_pfn = 0x400000000
[    0.000000] MTRR: Disabled
[    0.000000] x86/PAT: MTRRs disabled, skipping PAT initialization too.
[    0.000000] x86/PAT: Configuration [0-7]: WB  WT  UC- UC  WB  WT  UC- UC  
[    0.000000] CPU MTRRs all blank - virtualized system.
[    0.000000] found SMP MP-table at [mem 0x0009fff0-0x0009ffff] mapped at [ffff88000009fff0]
[    0.000000] Scanning 1 areas for low memory corruption
[    0.000000] RAMDISK: [mem 0x36ac6000-0x3755afff]
[    0.000000] ACPI: Early table checksum verification disabled
[    0.000000] ACPI: RSDP 0x00000000000E0000 000024 (v02 VBOX  )
[    0.000000] ACPI: XSDT 0x00000000C17F0030 00003C (v01 VBOX   VBOXXSDT 00000001 ASL  00000061)
[    0.000000] ACPI: FACP 0x00000000C17F00F0 0000F4 (v04 VBOX   VBOXFACP 00000001 ASL  00000061)
[    0.000000] ACPI: DSDT 0x00000000C17F0470 0021C8 (v02 VBOX   VBOXBIOS 00000002 INTL 20100528)
[    0.000000] ACPI: FACS 0x00000000C17F0200 000040
[    0.000000] ACPI: FACS 0x00000000C17F0200 000040
[    0.000000] ACPI: APIC 0x00000000C17F0240 00005C (v02 VBOX   VBOXAPIC 00000001 ASL  00000061)
[    0.000000] ACPI: SSDT 0x00000000C17F02A0 0001CC (v01 VBOX   VBOXCPUT 00000002 INTL 20100528)
[    0.000000] No NUMA configuration found
[    0.000000] Faking a node at [mem 0x0000000000000000-0x00000000c17effff]
[    0.000000] NODE_DATA(0) allocated [mem 0xc17eb000-0xc17effff]
[    0.000000] kvm-clock: Using msrs 4b564d01 and 4b564d00
[    0.000000] kvm-clock: cpu 0, msr 0:c17e3001, primary cpu clock
[    0.000000] kvm-clock: using sched offset of 3286233566 cycles
[    0.000000] clocksource: kvm-clock: mask: 0xffffffffffffffff max_cycles: 0x1cd42e4dffb, max_idle_ns: 881590591483 ns
[    0.000000] Zone ranges:
[    0.000000]   DMA      [mem 0x0000000000001000-0x0000000000ffffff]
[    0.000000]   DMA32    [mem 0x0000000001000000-0x00000000c17effff]
[    0.000000]   Normal   empty
[    0.000000]   Device   empty
[    0.000000] Movable zone start for each node
[    0.000000] Early memory node ranges
[    0.000000]   node   0: [mem 0x0000000000001000-0x000000000009efff]
[    0.000000]   node   0: [mem 0x0000000000100000-0x00000000c17effff]
[    0.000000] Initmem setup node 0 [mem 0x0000000000001000-0x00000000c17effff]
[    0.000000] ACPI: PM-Timer IO Port: 0x4008
[    0.000000] IOAPIC[0]: apic_id 2, version 32, address 0xfec00000, GSI 0-23
[    0.000000] ACPI: INT_SRC_OVR (bus 0 bus_irq 0 global_irq 2 dfl dfl)
[    0.000000] ACPI: INT_SRC_OVR (bus 0 bus_irq 9 global_irq 9 high level)
[    0.000000] Using ACPI (MADT) for SMP configuration information
[    0.000000] smpboot: Allowing 2 CPUs, 0 hotplug CPUs
[    0.000000] PM: Registered nosave memory: [mem 0x00000000-0x00000fff]
[    0.000000] PM: Registered nosave memory: [mem 0x0009f000-0x0009ffff]
[    0.000000] PM: Registered nosave memory: [mem 0x000a0000-0x000effff]
[    0.000000] PM: Registered nosave memory: [mem 0x000f0000-0x000fffff]
[    0.000000] e820: [mem 0xc1800000-0xfebfffff] available for PCI devices
[    0.000000] Booting paravirtualized kernel on KVM
[    0.000000] clocksource: refined-jiffies: mask: 0xffffffff max_cycles: 0xffffffff, max_idle_ns: 7645519600211568 ns
[    0.000000] setup_percpu: NR_CPUS:512 nr_cpumask_bits:512 nr_cpu_ids:2 nr_node_ids:1
[    0.000000] PERCPU: Embedded 33 pages/cpu @ffff8800c1200000 s98264 r8192 d28712 u1048576
[    0.000000] PV qspinlock hash table entries: 256 (order: 0, 4096 bytes)
[    0.000000] Built 1 zonelists in Node order, mobility grouping on.  Total pages: 780057
[    0.000000] Policy zone: DMA32
[    0.000000] Kernel command line: BOOT_IMAGE=/boot/vmlinuz-4.4.0-91-generic root=LABEL=cloudimg-rootfs ro console=tty1 console=ttyS0
[    0.000000] PID hash table entries: 4096 (order: 3, 32768 bytes)
[    0.000000] Memory: 3088656K/3169848K available (8474K kernel code, 1294K rwdata, 3984K rodata, 1488K init, 1316K bss, 81192K reserved, 0K cma-reserved)
[    0.000000] SLUB: HWalign=64, Order=0-3, MinObjects=0, CPUs=2, Nodes=1
[    0.000000] Hierarchical RCU implementation.
[    0.000000] 	Build-time adjustment of leaf fanout to 64.
[    0.000000] 	RCU restricting CPUs from NR_CPUS=512 to nr_cpu_ids=2.
[    0.000000] RCU: Adjusting geometry for rcu_fanout_leaf=64, nr_cpu_ids=2
[    0.000000] NR_IRQS:33024 nr_irqs:440 16
[    0.000000] Console: colour VGA+ 80x25
[    0.000000] console [tty1] enabled
[    0.000000] console [ttyS0] enabled
[    0.000000] tsc: Detected 1511.999 MHz processor
[   10.981236] Calibrating delay loop (skipped) preset value.. 3023.99 BogoMIPS (lpj=6047996)
[   11.096804] pid_max: default: 32768 minimum: 301
[   11.170085] ACPI: Core revision 20150930
[   11.215225] ACPI: 2 ACPI AML tables successfully acquired and loaded
[   11.308167] Security Framework initialized
[   11.352613] Yama: becoming mindful.
[   11.404716] AppArmor: AppArmor initialized
[   11.476623] Dentry cache hash table entries: 524288 (order: 10, 4194304 bytes)
[   11.596410] Inode-cache hash table entries: 262144 (order: 9, 2097152 bytes)
[   11.703302] Mount-cache hash table entries: 8192 (order: 4, 65536 bytes)
[   11.812607] Mountpoint-cache hash table entries: 8192 (order: 4, 65536 bytes)
[   11.940297] Initializing cgroup subsys io
[   11.999481] Initializing cgroup subsys memory
[   12.018459] Initializing cgroup subsys devices
[   12.019879] Initializing cgroup subsys freezer
[   12.021228] Initializing cgroup subsys net_cls
[   12.022568] Initializing cgroup subsys perf_event
[   12.024018] Initializing cgroup subsys net_prio
[   12.028321] Initializing cgroup subsys hugetlb
[   12.029676] Initializing cgroup subsys pids
[   12.031097] CPU: Physical Processor ID: 0
[   12.043954] CPU: Processor Core ID: 0
[   12.105656] mce: CPU supports 0 MCE banks
[   12.176064] Last level iTLB entries: 4KB 64, 2MB 8, 4MB 8
[   12.248411] Last level dTLB entries: 4KB 64, 2MB 0, 4MB 0, 1GB 4
[   12.276792] Freeing SMP alternatives memory: 32K (ffffffff820b9000 - ffffffff820c1000)
[   12.353336] ftrace: allocating 32131 entries in 126 pages
[   12.503954] smpboot: APIC(0) Converting physical 0 to logical package 0
[   12.600546] smpboot: Max logical packages: 1
[   12.609672] x2apic enabled
[   12.611015] Switched APIC routing to physical x2apic.
[   12.614191] ..TIMER: vector=0x30 apic1=0 pin1=2 apic2=-1 pin2=-1
[   12.728394] smpboot: CPU0: Intel(R) Core(TM) m3-6Y30 CPU @ 0.90GHz (family: 0x6, model: 0x4e, stepping: 0x3)
[   12.885528] Performance Events: unsupported p6 CPU model 78 no PMU driver, software events only.
[   13.009421] KVM setup paravirtual spinlock
[   13.054051] x86: Booting SMP configuration:
[   13.061247] .... node  #0, CPUs:      #1
[   13.062627] kvm-clock: cpu 1, msr 0:c17e3041, secondary cpu clock
[   13.073107] mce: CPU supports 0 MCE banks
[   13.084579] x86: Booted up 1 node, 2 CPUs
[   13.091517] smpboot: Total of 2 processors activated (6047.99 BogoMIPS)
[   13.118173] devtmpfs: initialized
[   13.147441] evm: security.selinux
[   13.182570] evm: security.SMACK64
[   13.212982] evm: security.SMACK64EXEC
[   13.241666] evm: security.SMACK64TRANSMUTE
[   13.280591] evm: security.SMACK64MMAP
[   13.323760] evm: security.ima
[   13.357494] evm: security.capability
[   13.393783] clocksource: jiffies: mask: 0xffffffff max_cycles: 0xffffffff, max_idle_ns: 7645041785100000 ns
[   13.506418] futex hash table entries: 512 (order: 3, 32768 bytes)
[   13.576735] pinctrl core: initialized pinctrl subsystem
[   13.629638] RTC time: 21:05:28, date: 10/17/17
[   13.688457] NET: Registered protocol family 16
[   13.710841] cpuidle: using governor ladder
[   13.764170] cpuidle: using governor menu
[   13.806592] PCCT header not found.
[   13.839148] ACPI: bus type PCI registered
[   13.862365] acpiphp: ACPI Hot Plug PCI Controller Driver version: 0.5
[   13.946343] PCI: Using configuration type 1 for base access
[   14.017562] ACPI: Added _OSI(Module Device)
[   14.064459] ACPI: Added _OSI(Processor Device)
[   14.108634] ACPI: Added _OSI(3.0 _SCP Extensions)
[   14.136687] ACPI: Added _OSI(Processor Aggregator Device)
[   14.143818] ACPI: Executed 1 blocks of module-level executable AML code
[   14.154291] ACPI: Interpreter enabled
[   14.162933] ACPI: (supports S0 S5)
[   14.164073] ACPI: Using IOAPIC for interrupt routing
[   14.185745] PCI: Using host bridge windows from ACPI; if necessary, use "pci=nocrs" and report a bug
[   14.196177] ACPI: PCI Root Bridge [PCI0] (domain 0000 [bus 00-ff])
[   14.260004] acpi PNP0A03:00: _OSC: OS supports [ASPM ClockPM Segments MSI]
[   14.341988] acpi PNP0A03:00: _OSC failed (AE_NOT_FOUND); disabling ASPM
[   14.421353] acpi PNP0A03:00: fail to add MMCONFIG information, can't access extended PCI configuration space under this bridge.
[   14.566369] PCI host bridge to bus 0000:00
[   14.604993] pci_bus 0000:00: root bus resource [io  0x0000-0x0cf7 window]
[   14.694992] pci_bus 0000:00: root bus resource [io  0x0d00-0xffff window]
[   14.768412] pci_bus 0000:00: root bus resource [mem 0x000a0000-0x000bffff window]
[   14.858847] pci_bus 0000:00: root bus resource [mem 0xc1800000-0xffdfffff window]
[   14.898342] pci_bus 0000:00: root bus resource [bus 00-ff]
[   14.958714] pci 0000:00:01.1: legacy IDE quirk: reg 0x10: [io  0x01f0-0x01f7]
[   15.032333] pci 0000:00:01.1: legacy IDE quirk: reg 0x14: [io  0x03f6]
[   15.073372] pci 0000:00:01.1: legacy IDE quirk: reg 0x18: [io  0x0170-0x0177]
[   15.159956] pci 0000:00:01.1: legacy IDE quirk: reg 0x1c: [io  0x0376]
[   15.277861] pci 0000:00:07.0: quirk: [io  0x4000-0x403f] claimed by PIIX4 ACPI
[   15.360400] pci 0000:00:07.0: quirk: [io  0x4100-0x410f] claimed by PIIX4 SMB
[   15.467716] ACPI: PCI Interrupt Link [LNKA] (IRQs 5 9 10 *11)
[   15.536153] ACPI: PCI Interrupt Link [LNKB] (IRQs 5 9 10 *11)
[   15.605272] ACPI: PCI Interrupt Link [LNKC] (IRQs 5 9 *10 11)
[   15.670080] ACPI: PCI Interrupt Link [LNKD] (IRQs 5 *9 10 11)
[   15.742683] ACPI: Enabled 2 GPEs in block 00 to 07
[   15.794857] vgaarb: setting as boot device: PCI:0000:00:02.0
[   15.856432] vgaarb: device added: PCI:0000:00:02.0,decodes=io+mem,owns=io+mem,locks=none
[   15.943312] vgaarb: loaded
[   15.975989] vgaarb: bridge control possible 0000:00:02.0
[   16.045048] SCSI subsystem initialized
[   16.091987] ACPI: bus type USB registered
[   16.138816] usbcore: registered new interface driver usbfs
[   16.177000] usbcore: registered new interface driver hub
[   16.200728] usbcore: registered new device driver usb
[   16.254133] PCI: Using ACPI for IRQ routing
[   16.277375] NetLabel: Initializing
[   16.280485] NetLabel:  domain hash size = 128
[   16.282003] NetLabel:  protocols = UNLABELED CIPSOv4
[   16.314856] NetLabel:  unlabeled traffic allowed by default
[   16.365444] amd_nb: Cannot enumerate AMD northbridges
[   16.415630] clocksource: Switched to clocksource kvm-clock
[   16.459326] AppArmor: AppArmor Filesystem Enabled
[   16.568139] pnp: PnP ACPI init
[   16.643604] pnp: PnP ACPI: found 3 devices
[   16.733493] clocksource: acpi_pm: mask: 0xffffff max_cycles: 0xffffff, max_idle_ns: 2085701024 ns
[   16.959140] NET: Registered protocol family 2
[   17.068082] TCP established hash table entries: 32768 (order: 6, 262144 bytes)
[   17.183636] TCP bind hash table entries: 32768 (order: 7, 524288 bytes)
[   17.344110] TCP: Hash tables configured (established 32768 bind 32768)
[   17.352338] UDP hash table entries: 2048 (order: 4, 65536 bytes)
[   17.354150] UDP-Lite hash table entries: 2048 (order: 4, 65536 bytes)
[   17.400609] NET: Registered protocol family 1
[   17.462307] pci 0000:00:00.0: Limiting direct PCI/PCI transfers
[   17.608817] pci 0000:00:01.0: Activating ISA DMA hang workarounds
[   17.761816] Unpacking initramfs...
[   20.295528] Freeing initrd memory: 10836K (ffff880036ac6000 - ffff88003755b000)
[   20.444902] platform rtc_cmos: registered platform RTC device (no PNP device found)
[   20.536672] Scanning for low memory corruption every 60 seconds
[   20.542002] audit: initializing netlink subsys (disabled)
[   20.561568] audit: type=2000 audit(1508274324.820:1): initialized
[   20.600029] Initialise system trusted keyring
[   20.636792] HugeTLB registered 2 MB page size, pre-allocated 0 pages
[   20.716133] zbud: loaded
[   20.776116] VFS: Disk quotas dquot_6.6.0
[   20.839625] VFS: Dquot-cache hash table entries: 512 (order 0, 4096 bytes)
[   20.841855] squashfs: version 4.0 (2009/01/31) Phillip Lougher
[   20.844078] fuse init (API version 7.23)
[   20.845709] Key type big_key registered
[   20.846960] Allocating IMA MOK and blacklist keyrings.
[   20.851189] Key type asymmetric registered
[   20.853822] Asymmetric key parser 'x509' registered
[   20.856754] Block layer SCSI generic (bsg) driver version 0.4 loaded (major 249)
[   20.859140] io scheduler noop registered
[   20.870643] io scheduler deadline registered (default)
[   20.881850] io scheduler cfq registered
[   20.912858] pci_hotplug: PCI Hot Plug PCI Core version: 0.5
[   21.053964] pciehp: PCI Express Hot Plug Controller Driver version: 0.4
[   21.206049] ACPI: AC Adapter [AC] (off-line)
[   21.313673] input: Power Button as /devices/LNXSYSTM:00/LNXPWRBN:00/input/input0
[   21.498205] tsc: Refined TSC clocksource calibration: 1511.279 MHz
[   21.590005] clocksource: tsc: mask: 0xffffffffffffffff max_cycles: 0x15c8c1902b9, max_idle_ns: 440795279296 ns
[   21.590116] ACPI: Power Button [PWRF]
[   21.590232] input: Sleep Button as /devices/LNXSYSTM:00/LNXSLPBN:00/input/input1
[   21.590233] ACPI: Sleep Button [SLPF]
[   21.726413] GHES: HEST is not enabled!
[   21.727357] ACPI: Battery Slot [BAT0] (battery present)
[   21.727415] Serial: 8250/16550 driver, 32 ports, IRQ sharing enabled
[   21.825639] 00:02: ttyS0 at I/O 0x3f8 (irq = 4, base_baud = 115200) is a 16550A
[   21.994347] Linux agpgart interface v0.103
[   22.031021] loop: module loaded
[   22.031642] scsi host0: ata_piix
[   22.031709] scsi host1: ata_piix
[   22.031747] ata1: PATA max UDMA/33 cmd 0x1f0 ctl 0x3f6 bmdma 0xd000 irq 14
[   22.031748] ata2: PATA max UDMA/33 cmd 0x170 ctl 0x376 bmdma 0xd008 irq 15
[   22.031834] libphy: Fixed MDIO Bus: probed
[   22.031837] tun: Universal TUN/TAP device driver, 1.6
[   22.031838] tun: (C) 1999-2004 Max Krasnyansky <maxk@qualcomm.com>
[   22.032245] PPP generic driver version 2.4.2
[   22.032310] ehci_hcd: USB 2.0 'Enhanced' Host Controller (EHCI) Driver
[   22.032315] ehci-pci: EHCI PCI platform driver
[   22.032326] ehci-platform: EHCI generic platform driver
[   22.032336] ohci_hcd: USB 1.1 'Open' Host Controller (OHCI) Driver
[   22.032341] ohci-pci: OHCI PCI platform driver
[   22.032351] ohci-platform: OHCI generic platform driver
[   22.032359] uhci_hcd: USB Universal Host Controller Interface driver
[   22.032421] i8042: PNP: PS/2 Controller [PNP0303:PS2K,PNP0f03:PS2M] at 0x60,0x64 irq 1,12
[   22.072693] serio: i8042 KBD port at 0x60,0x64 irq 1
[   22.072699] serio: i8042 AUX port at 0x60,0x64 irq 12
[   22.072848] mousedev: PS/2 mouse device common for all mice
[   22.073230] rtc_cmos rtc_cmos: rtc core: registered rtc_cmos as rtc0
[   22.073307] rtc_cmos rtc_cmos: alarms up to one day, 114 bytes nvram
[   22.073315] i2c /dev entries driver
[   22.073379] device-mapper: uevent: version 1.0.3
[   22.073441] device-mapper: ioctl: 4.34.0-ioctl (2015-10-28) initialised: dm-devel@redhat.com
[   22.073464] ledtrig-cpu: registered to indicate activity on CPUs
[   22.073810] NET: Registered protocol family 10
[   22.073969] NET: Registered protocol family 17
[   22.073978] Key type dns_resolver registered
[   22.075155] microcode: CPU0 sig=0x406e3, pf=0x2, revision=0x0
[   22.075165] microcode: CPU1 sig=0x406e3, pf=0x2, revision=0x0
[   22.075255] microcode: Microcode Update Driver: v2.01 <tigran@aivazian.fsnet.co.uk>, Peter Oruba
[   22.075385] registered taskstats version 1
[   22.075403] Loading compiled-in X.509 certificates
[   22.076279] Loaded X.509 cert 'Build time autogenerated kernel key: 0777615d5208f86b8b4bd2fb3aecc97a191f2831'
[   22.076299] zswap: loaded using pool lzo/zbud
[   22.078263] Key type trusted registered
[   22.081129] Key type encrypted registered
[   22.081134] AppArmor: AppArmor sha1 policy hashing enabled
[   22.081137] ima: No TPM chip found, activating TPM-bypass!
[   22.081158] evm: HMAC attrs: 0x1
[   22.081514]   Magic number: 5:45:96
[   22.081675] rtc_cmos rtc_cmos: setting system clock to 2017-10-17 21:05:37 UTC (1508274337)
[   22.081785] BIOS EDD facility v0.16 2004-Jun-25, 0 devices found
[   22.081785] EDD information not available.
[   22.128637] input: AT Translated Set 2 keyboard as /devices/platform/i8042/serio0/input/input2
[   24.406914] Freeing unused kernel memory: 1488K (ffffffff81f45000 - ffffffff820b9000)
[   24.530365] Write protecting the kernel read-only data: 14336k
[   24.655061] Freeing unused kernel memory: 1752K (ffff88000184a000 - ffff880001a00000)
[   24.740679] Freeing unused kernel memory: 112K (ffff880001de4000 - ffff880001e00000)
Loading, please wait...
[   24.811518] random: systemd-udevd: uninitialized urandom read (16 bytes read, 7 bits of entropy available)
starting version 229
[   24.812526] random: udevadm: uninitialized urandom read (16 bytes read, 7 bits of entropy available)
[   24.812580] random: udevadm: uninitialized urandom read (16 bytes read, 7 bits of entropy available)
[   24.812799] random: udevadm: uninitialized urandom read (16 bytes read, 7 bits of entropy available)
[   24.812874] random: udevadm: uninitialized urandom read (16 bytes read, 7 bits of entropy available)
[   24.812961] random: udevadm: uninitialized urandom read (16 bytes read, 7 bits of entropy available)
[   24.813039] random: udevadm: uninitialized urandom read (16 bytes read, 7 bits of entropy available)
[   24.813109] random: udevadm: uninitialized urandom read (16 bytes read, 7 bits of entropy available)
[   24.813195] random: udevadm: uninitialized urandom read (16 bytes read, 7 bits of entropy available)
[   24.813269] random: udevadm: uninitialized urandom read (16 bytes read, 7 bits of entropy available)
[   25.244636] e1000: Intel(R) PRO/1000 Network Driver - version 7.3.21-k8-NAPI
[   25.260860] e1000: Copyright (c) 1999-2006 Intel Corporation.
[   25.281659] Fusion MPT base driver 3.04.20
[   25.289772] Copyright (c) 1999-2008 LSI Corporation
[   25.302891] AVX version of gcm_enc/dec engaged.
[   25.319937] AES CTR mode by8 optimization enabled
[   25.331939] Fusion MPT SPI Host driver 3.04.20
[   25.476998] input: ImExPS/2 Generic Explorer Mouse as /devices/platform/i8042/serio1/input/input4
[   25.745391] e1000 0000:00:03.0 eth0: (PCI:33MHz:32-bit) 02:50:7f:03:3f:72
[   25.871564] e1000 0000:00:03.0 eth0: Intel(R) PRO/1000 Network Connection
[   26.260661] e1000 0000:00:08.0 eth1: (PCI:33MHz:32-bit) 08:00:27:38:eb:31
[   26.360386] e1000 0000:00:08.0 eth1: Intel(R) PRO/1000 Network Connection
[   26.445812] mptbase: ioc0: Initiating bringup
[   26.446141] e1000 0000:00:08.0 enp0s8: renamed from eth1
[   26.504211] e1000 0000:00:03.0 enp0s3: renamed from eth0
[   26.608753] ioc0: LSI53C1030 A0: Capabilities={Initiator}
[   26.872346] scsi host2: ioc0: LSI53C1030 A0, FwRev=00000000h, Ports=1, MaxQ=256, IRQ=20
[   27.082670] scsi 2:0:0:0: Direct-Access     VBOX     HARDDISK         1.0  PQ: 0 ANSI: 5
[   27.244772] scsi target2:0:0: Beginning Domain Validation
[   27.305061] scsi target2:0:0: Domain Validation skipping write tests
[   27.363982] scsi target2:0:0: Ending Domain Validation
[   27.367130] scsi target2:0:0: asynchronous
[   27.392927] scsi 2:0:1:0: Direct-Access     VBOX     HARDDISK         1.0  PQ: 0 ANSI: 5
[   27.419573] scsi target2:0:1: Beginning Domain Validation
[   27.429480] scsi target2:0:1: Domain Validation skipping write tests
[   27.436730] scsi target2:0:1: Ending Domain Validation
[   27.445440] scsi target2:0:1: asynchronous
[   27.469559] sd 2:0:0:0: Attached scsi generic sg0 type 0
[   27.517045] sd 2:0:0:0: [sda] 20971520 512-byte logical blocks: (10.7 GB/10.0 GiB)
[   27.615210] sd 2:0:1:0: [sdb] 20480 512-byte logical blocks: (10.5 MB/10.0 MiB)
[   27.615302] sd 2:0:1:0: Attached scsi generic sg1 type 0
[   27.707686] sd 2:0:0:0: [sda] Write Protect is off
[   27.707775] sd 2:0:1:0: [sdb] Write Protect is off
[   27.707876] sd 2:0:1:0: [sdb] Incomplete mode parameter data
[   27.707877] sd 2:0:1:0: [sdb] Assuming drive cache: write through
[   27.810761] sd 2:0:1:0: [sdb] Attached SCSI disk
[   28.004342] sd 2:0:0:0: [sda] Incomplete mode parameter data
[   28.009071] sd 2:0:0:0: [sda] Assuming drive cache: write through
[   28.028520]  sda: sda1
[   28.032175] sd 2:0:0:0: [sda] Attached SCSI disk
[   28.380630] floppy0: no floppy controllers found
Begin: Loading e[   29.994560] md: linear personality registered for level -1
ssential drivers[   30.064141] md: multipath personality registered for level -4
 ... [   30.146220] md: raid0 personality registered for level 0
[   30.222155] md: raid1 personality registered for level 1
[   30.307679] raid6: sse2x1   gen()  5292 MB/s
[   30.380186] raid6: sse2x1   xor()  3729 MB/s
[   30.499804] raid6: sse2x2   gen()  7064 MB/s
[   30.620383] raid6: sse2x2   xor()  4994 MB/s
[   30.744113] raid6: sse2x4   gen()  7772 MB/s
[   30.864373] raid6: sse2x4   xor()  5834 MB/s
[   30.908116] raid6: using algorithm sse2x4 gen() 7772 MB/s
[   30.942404] raid6: .... xor() 5834 MB/s, rmw enabled
[   30.943956] raid6: using ssse3x2 recovery algorithm
[   30.947148] xor: automatically using best checksumming function:
[   31.015970]    avx       : 13765.000 MB/sec
[   31.080377] async_tx: api initialized (async)
[   31.134558] md: raid6 personality registered for level 6
[   31.201869] md: raid5 personality registered for level 5
[   31.281598] md: raid4 personality registered for level 4
[   31.305298] md: raid10 personality registered for level 10
done.
Begin: Running /scripts/init-premount ... done.
Begin: Mounting root file system ... Begin: Running /scripts/local-top ... done.
Begin: Running /scripts/local-premount ... [   31.353245] Btrfs loaded
Scanning for Btrfs filesystems
done.
Warning: fsck no[   31.400455] EXT4-fs (sda1): mounted filesystem with ordered data mode. Opts: (null)
t present, so skipping root file system
done.
Begin: Running /scripts/local-bottom ... done.
Begin: Running /scripts/init-bottom ... done.
[   31.689924] systemd[1]: systemd 229 running in system mode. (+PAM +AUDIT +SELINUX +IMA +APPARMOR +SMACK +SYSVINIT +UTMP +LIBCRYPTSETUP +GCRYPT +GNUTLS +ACL +XZ -LZ4 +SECCOMP +BLKID +ELFUTILS +KMOD -IDN)
[   31.911167] systemd[1]: Detected virtualization oracle.
[   31.979871] systemd[1]: Detected architecture x86-64.

Welcome to [1mUbuntu 16.04.3 LTS[0m!

[   32.081516] systemd[1]: Set hostname to <ubuntu>.
[   32.169869] systemd[1]: Initializing machine ID from random generator.
[   32.182333] systemd[1]: Installed transient /etc/machine-id file.
[   32.420240] systemd[1]: Listening on LVM2 poll daemon socket.
[[0;32m  OK  [0m] Listening on LVM2 poll daemon socket.
[   32.441355] systemd[1]: Listening on Journal Socket (/dev/log).
[[0;32m  OK  [0m] Listening on Journal Socket (/dev/log).
[   32.648741] systemd[1]: Listening on /dev/initctl Compatibility Named Pipe.
[[0;32m  OK  [0m] Listening on /dev/initctl Compatibility Named Pipe.
[   32.849445] systemd[1]: Listening on LVM2 metadata daemon socket.
[[0;32m  OK  [0m] Listening on LVM2 metadata daemon socket.
[   33.013688] systemd[1]: Created slice System Slice.
[[0;32m  OK  [0m] Created slice System Slice.
[   33.129135] systemd[1]: Listening on Syslog Socket.
[[0;32m  OK  [0m] Listening on Syslog Socket.
[   33.252021] systemd[1]: Listening on Journal Audit Socket.
[[0;32m  OK  [0m] Listening on Journal Audit Socket.
[   33.437149] systemd[1]: Set up automount Arbitrary Executable File Formats File System Automount Point.
[[0;32m  OK  [0m] Set up automount Arbitrary Executab...ats File System Automount Point.
[   33.492753] systemd[1]: Reached target Swap.
[[0;32m  OK  [0m] Reached target Swap.
[   33.517433] systemd[1]: Created slice system-serial\x2dgetty.slice.
[[0;32m  OK  [0m] Created slice system-serial\x2dgetty.slice.
[   33.593389] systemd[1]: Created slice User and Session Slice.
[[0;32m  OK  [0m] Created slice User and Session Slice.
[   33.644641] systemd[1]: Reached target Slices.
[[0;32m  OK  [0m] Reached target Slices.
[   33.709632] systemd[1]: Listening on Journal Socket.
[[0;32m  OK  [0m] Listening on Journal Socket.
[   33.896572] systemd[1]: Starting Uncomplicated firewall...
[   33.899144] random: nonblocking pool is initialized
         Starting Uncomplicated firewall...
[   34.060293] systemd[1]: Starting Journal Service...
         Starting Journal Service...
[   34.132336] systemd[1]: Mounting Debug File System...
         Mounting Debug File System...
[   34.245099] systemd[1]: Starting Load Kernel Modules...
         Starting Load Ke[   34.271328] Loading iSCSI transport class v2.0-870.
rnel Modules...[   34.353980] iscsi: registered transport (tcp)

[   34.411687] systemd[1]: Starting Set console keymap...
         Starting Set console keymap...
[   34.459981] iscsi: registered transport (iser)
[   34.522990] systemd[1]: Starting Nameserver information manager...
         Starting Nameserver information manager...
[   34.644634] systemd[1]: Starting Remount Root and Kernel File Systems...
         Starting Remount[   34.702258] EXT4-fs (sda1): re-mounted. Opts: (null)
 Root and Kernel File Systems...
[   34.738660] systemd[1]: Mounting Huge Pages File System...
         Mounting Huge Pages File System...
[   34.760087] systemd[1]: Reached target Encrypted Volumes.
[[0;32m  OK  [0m] Reached target Encrypted Volumes.
[   34.824439] systemd[1]: Started Trigger resolvconf update for networkd DNS.
[[0;32m  OK  [0m] Started Trigger resolvconf update for networkd DNS.
[   35.049319] systemd[1]: Listening on udev Control Socket.
[[0;32m  OK  [0m] Listening on udev Control Socket.
[   35.228554] systemd[1]: Starting Create list of required static device nodes for the current kernel...
         Starting Create list of required st... nodes for the current kernel...
[   35.453407] systemd[1]: Listening on Device-mapper event daemon FIFOs.
[[0;32m  OK  [0m] Listening on Device-mapper event daemon FIFOs.
[   35.681274] systemd[1]: Starting Monitoring of LVM2 mirrors, snapshots etc. using dmeventd or progress polling...
         Starting Monitoring of LVM2 mirrors... dmeventd or progress polling...
[   35.817698] systemd[1]: Listening on udev Kernel Socket.
[[0;32m  OK  [0m] Listening on udev Kernel Socket.
[   35.852237] systemd[1]: Started Forward Password Requests to Wall Directory Watch.
[[0;32m  OK  [0m] Started Forward Password Requests to Wall Directory Watch.
[   36.076909] systemd[1]: Mounting POSIX Message Queue File System...
         Mounting POSIX Message Queue File System...
[   36.225066] systemd[1]: Reached target User and Group Name Lookups.
[[0;32m  OK  [0m] Reached target User and Group Name Lookups.
[   36.323472] systemd[1]: Mounted Huge Pages File System.
[[0;32m  OK  [0m] Mounted Huge Pages File System.
[   36.440389] systemd[1]: Mounted Debug File System.
[[0;32m  OK  [0m] Mounted Debug File System.
[   36.572403] systemd[1]: Mounted POSIX Message Queue File System.
[[0;32m  OK  [0m] Mounted POSIX Message Queue File System.
[   36.789001] systemd[1]: Started Journal Service.
[[0;32m  OK  [0m] Started Journal Service.
[[0;32m  OK  [0m] Started Uncomplicated firewall.
[[0;32m  OK  [0m] Started Load Kernel Modules.
[[0;32m  OK  [0m] Started Set console keymap.
[[0;32m  OK  [0m] Started Remount Root and Kernel File Systems.
[[0;32m  OK  [0m] Started Create list of required sta...ce nodes for the current kernel.
[[0;32m  OK  [0m] Started Nameserver information manager.
[[0;32m  OK  [0m] Started LVM2 metadata daemon.
         Starting Create Static Device Nodes in /dev...
         Starting Initial cloud-init job (pre-networking)...
         Starting udev Coldplug all Devices...
         Starting Load/Save Random Seed...
         Starting Apply Kernel Variables...
         Mounting FUSE Control File System...
         Starting Flush Journal to Persistent Storage...
[[0;32m  OK  [0m] Mounted FUSE Control File System.
[[0;32m  OK  [0m] Started Monitoring of LVM2 mirrors,...ng dmeventd or progress polling.
[[0;32m  OK  [0m] Started Create Static Device Nodes in /dev.
[[0;32m  OK  [0m] Started Load/Save Random Seed.
[[0;32m  OK  [0m] Started Apply Kernel Variables.
[[0;32m  OK  [0m] Started udev Coldplug all Devices.
[[0;32m  OK  [0m] Started Flush Journal to Persistent Storage.
         Starting udev Kernel Device Manager...
[[0;32m  OK  [0m] Started udev Kernel Device Manager.
[[0;32m  OK  [0m] Started Dispatch Password Requests to Console Directory Watch.
[[0;32m  OK  [0m] Reached target Local File Systems (Pre).
[[0;32m  OK  [0m] Reached target Local File Systems.
         Starting Commit a transient machine-id on disk...
         Starting Set console font and keymap...
         Starting Tell Plymouth To Write Out Runtime Data...
         Starting LSB: AppArmor initialization...
         Starting Create Volatile Files and Directories...
[[0;32m  OK  [0m] Started Commit a transient machine-id on disk.
[[0;32m  OK  [0m] Started Tell Plymouth To Write Out Runtime Data.
[   23.203873] cloud-init[451]: Cloud-init v. 0.7.9 running 'init-local' at Tue, 17 Oct 2017 21:05:53 +0000. Up 22.78 seconds.
[[0;32m  OK  [0m] Started Create Volatile Files and Directories.
[[0;32m  OK  [0m] Started Initial cloud-init job (pre-networking).
[[0;32m  OK  [0m] Found device /dev/ttyS0.
[[0;32m  OK  [0m] Started Set console font and keymap.
[[0;32m  OK  [0m] Listening on Load/Save RF Kill Switch Status /dev/rfkill Watch.
[[0;32m  OK  [0m] Created slice system-getty.slice.
[[0;32m  OK  [0m] Reached target Network (Pre).
         Starting Update UTMP about System Boot/Shutdown...
[[0;32m  OK  [0m] Reached target System Time Synchronized.
[[0;32m  OK  [0m] Started Update UTMP about System Boot/Shutdown.
[[0;32m  OK  [0m] Started LSB: AppArmor initialization.
         Starting Raise network interfaces...
[[0;32m  OK  [0m] Started Raise network interfaces.
[[0;32m  OK  [0m] Reached target Network.
         Starting Initial cloud-init job (metadata service crawler)...
[   26.955017] cloud-init[950]: Cloud-init v. 0.7.9 running 'init' at Tue, 17 Oct 2017 21:05:57 +0000. Up 26.33 seconds.
[   26.985235] cloud-init[950]: ci-info: ++++++++++++++++++++++++++++++++++++++Net device info++++++++++++++++++++++++++++++++++++++
[[0;32m  OK  [0m] Started Initial cloud-init job (metadata service crawler).
[   27.071012] [cloud-init[0;32m  OK  [0m[950]: ] ci-info: +--------+-------+----------------------------+---------------+-------+-------------------+Reached target Cloud-config availability.

[   27.204172] [cloud-init[0;32m  OK  [0m[950]: ] ci-info: | Device |   Up  |          Address           |      Mask     | Scope |     Hw-Address    |Reached target Network is Online.

[   27.204928] cloud-init[950]: ci-info: +--------+-------+----------------------------+---------------+-------+-------------------+
         Starting iSCSI initiator daemon (iscsid)...
[   27.303716] [cloud-init[0;32m  OK  [0m[950]: ] ci-info: | enp0s3 |  True |         10.0.2.15          | 255.255.255.0 |   .   | 02:50:7f:03:3f:72 |Reached target System Initialization.

[   27.335285]          cloud-initStarting Socket activation for snappy daemon.[950]: 
ci-info: | enp0s3 |  True | fe80::50:7fff:fe03:3f72/64 |       .       |  link | 02:50:7f:03:3f:72 |
[   27.358595] [cloud-init[0;32m  OK  [0m[950]: ] ci-info: |   lo   |  True |         127.0.0.1          |   255.0.0.0   |   .   |         .         |Started Daily Cleanup of Temporary Directories.

[   27.444816] [cloud-init[0;32m  OK  [0m[950]: ] ci-info: |   lo   |  True |          ::1/128           |       .       |  host |         .         |Started ACPI Events Check.

[   27.534134] [cloud-init[0;32m  OK  [0m[950]: ] ci-info: | enp0s8 | False |             .              |       .       |   .   | 08:00:27:38:eb:31 |Reached target Paths.

[   27.535046] cloud-init[950]: ci-info: +--------+-------+----------------------------+---------------+-------+-------------------+
[   27.602238]          cloud-initStarting LXD - unix socket.[950]: 
ci-info: +++++++++++++++++++++++++++Route IPv4 info++++++++++++++++++++++++++++
[   27.689052] [cloud-init[0;32m  OK  [0m[950]: ] ci-info: +-------+-------------+----------+---------------+-----------+-------+Listening on D-Bus System Message Bus Socket.

[[0;32m  OK  [0m] Listening on UUID daemon activation socket.
[[0;32m  OK  [0m] Listening on ACPID Listen Socket.
[   27.689672] cloud-init[950]: ci-info: | Route | Destination | Gateway  |    Genmask    | Interface | Flags |
[   27.828081] [cloud-init[0;32m  OK  [0m[950]: ] ci-info: +-------+-------------+----------+---------------+-----------+-------+Started Timer to automatically refresh installed snaps.

[   27.933235] [cloud-init[0;32m  OK  [0m[950]: ] ci-info: |   0   |   0.0.0.0   | 10.0.2.2 |    0.0.0.0    |   enp0s3  |   UG  |Started Daily apt download activities.

[   27.933875] [cloud-init[0;32m  OK  [0m[950]: ] ci-info: |   1   |   10.0.2.0  | 0.0.0.0  | 255.255.255.0 |   enp0s3  |   U   |Started Daily apt upgrade and clean activities.

[[0;32m  OK  [0m] Reached target Timers.
[   27.946925] cloud-init[950]: ci-info: +-------+-------------+----------+---------------+-----------+-------+
[   28.088909] [cloud-init[0;32m  OK  [0m[950]: ] Generating public/private rsa key pair.Listening on Socket activation for snappy daemon.

[[0;32m  OK  [0m] Listening on LXD - unix socket.
[[0;32m  OK  [0m] Started iSCSI initiator daemon (iscsid).
[   28.091119] cloud-init[950]: Your identification has been saved in /etc/ssh/ssh_host_rsa_key.
[   28.163146] cloud-init[950]: Your public key has been saved in /etc/ssh/ssh_host_rsa_key.pub.
[   28.185319]          cloud-initStarting Login to default iSCSI targets...[950]: 
The key fingerprint is:
[   28.237349] [cloud-init[0;32m  OK  [0m[950]: ] SHA256:ipAUeb2oG28+E/SwlwUQZ3ObKTH09rQ2b0anFFJYORU root@ubuntu-xenialReached target Sockets.

[   28.239310] [cloud-init[0;32m  OK  [0m[950]: ] The key's randomart image is:Reached target Basic System.

[   28.339372] cloud-init[950]: +---[RSA 2048]----+
[[0;32m  OK  [0m] Started Snappy daemon.
[   28.388875] [cloud-init[0;32m  OK  [0m[950]: ] |  ..o=B .  oooE. |Started Unattended Upgrades Shutdown.

[   28.467221] cloud-init[950]: |  ...oo* +..o    |
         Starting /etc/rc.local Compatibility...
[   28.468115] cloud-init[950]: |  .. ..o* o ..   |
         Starting Login Service...
[   28.557560] cloud-init[950]: | . .+ .o.o o .   |
[   28.632387]          cloud-initStarting Accounts Service...[950]: 
|  oo + oS = o .  |
[   28.632958] cloud-init[950]: |  o.o.+. . = o   |
[   28.700366] [cloud-init[0;32m  OK  [0m[950]: ] |   +.o.     =    |Started D-Bus System Message Bus.

[   28.700968] cloud-init[950]: |  . =      o     |
[   28.781064] cloud-init[950]: |   o.o           |
[   28.832470]          cloud-initStarting Pollinate to seed the pseudo random number generator...[950]: 
+----[SHA256]-----+
         Starting Auto import assertions from block devices...
[   28.884910] cloud-init[950]: Generating public/private dsa key pair.
[   28.904270]          cloud-initStarting LSB: MD monitoring daemon...[950]: 
Your identification has been saved in /etc/ssh/ssh_host_dsa_key.
[   28.936288] cloud-init[950]: Your public key has been saved in /etc/ssh/ssh_host_dsa_key.pub.
[   28.936411] cloud-init[950]: The key fingerprint is:
[   28.936618] cloud-init[950]: SHA256:QTF9OFCdgR2G/OeZM0x5ugwqu+woY+D7o2Pns9kq9Z8 root@ubuntu-xenial
[   28.936686] cloud-init[950]: The key's randomart image is:
[   28.936749] cloud-init[950]: +---[DSA 1024]----+
[   28.936810] cloud-init[950]: |        =*.*++   |
[   28.936871] cloud-init[950]: |       . .B.=    |
[   28.936929] cloud-init[950]: |        .  +   . |
[   28.936994] cloud-init[950]: |         .  . + .|
[   28.937060] cloud-init[950]: |        S    = = |
[   28.937153] cloud-init[950]: |  . .       . O  |
[   28.937223] cloud-init[950]: | . o .     . o + |
[   28.937286] cloud-init[950]: |  = Bo.o...   o  |
[   28.937348] cloud-init[950]: | .oX*BooE+       |
[   28.937409] cloud-init[950]: +----[SHA256]-----+
[   28.937468] cloud-init[950]: Generating public/private ecdsa key pair.
[   28.937528] cloud-init[950]: Your identification has been saved in /etc/ssh/ssh_host_ecdsa_key.
[   28.937591] cloud-init[950]: Your public key has been saved in /etc/ssh/ssh_host_ecdsa_key.pub.
[   28.937652] cloud-init[950]: The key fingerprint is:
[   28.937712] cloud-init[950]: SHA256:PFoI3o5Gf9bgIru4wDi2KBR1MbTCBPjwfR0KxxhwWEk root@ubuntu-xenial
[   28.937775] cloud-init[950]: The key's randomart image is:
[   28.937832] cloud-init[950]: +---[ECDSA 256]---+
[   28.937892] cloud-init[950]: |..o*EO.          |
[   28.937952] cloud-init[950]: |o +o+.= .        |
[   28.938011] cloud-init[950]: | +.+o+ o .       |
[   28.938073] cloud-init[950]: | .o.oooo.        |
[   28.938196] cloud-init[950]: |  . o.o S        |
[   28.938262] cloud-init[950]: |o. . + + +       |
[   28.938319] cloud-init[950]: |=o  + = + .      |
[   28.938360] cloud-init[950]: |+o.o o +         |
[   28.938397] cloud-init[950]: |o.o.o.           |
[   28.938433] cloud-init[950]: +----[SHA256]-----+
[   28.938474] cloud-init[950]: Generating public/private ed25519 key pair.
[   28.938533] cloud-init[950]: Your identification has been saved in /etc/ssh/ssh_host_ed25519_key.
[   28.938596] cloud-init[950]: Your public key has been saved in /etc/ssh/ssh_host_ed25519_key.pub.
[   28.938658] cloud-init[950]: The key fingerprint is:
[   28.938721] cloud-init[950]: SHA256:LZ+U51O3RUIes1W4nG8gptrQCLlhEXb0qqWJiMN8Euw root@ubuntu-xenial
[   28.938780] cloud-init[950]: The key's randomart image is:
[   28.938838] cloud-init[950]: +--[ED25519 256]--+
[   28.938897] cloud-init[950]: |      ooo     +.+|
[   28.938944] cloud-init[950]: |     ... .   o.= |
[   28.938982] cloud-init[950]: |       o  .  .+o.|
[   28.939019] cloud-init[950]: |.     =  o .o =o |
[   28.939057] cloud-init[950]: | o   . +So+o...oo|
[   28.939134] cloud-init[950]: |+... ..=o+o+ . .=|
[   28.939175] cloud-init[950]: |oE... +  +o o  o |
[   28.939211] cloud-init[950]: | .o     . .  .   |
[   28.939266] cloud-init[950]: |                 |
[   28.939329] cloud-init[950]: +----[SHA256]-----+
         Starting Apply the settings specified in cloud-config...
         Starting LSB: Record successful boot for GRUB...
[[0;32m  OK  [0m] Started Deferred execution scheduler.
[   29.550875] cloud-init[1116]: Generating locales (this might take a while)...
         Starting System Logging Service...
         Starting LXD - container startup/shutdown...
[[0;32m  OK  [0m] Started Regular background program processing daemon.
[[0;32m  OK  [0m] Started FUSE filesystem for LXC.
[[0;32m  OK  [0m] Started ACPI event daemon.
[[0;32m  OK  [0m] Started System Logging Service.
[[0;32m  OK  [0m] Started /etc/rc.local Compatibility.
[[0;32m  OK  [0m] Started Pollinate to seed the pseudo random number generator.
[[0;32m  OK  [0m] Started Auto import assertions from block devices.
[[0;32m  OK  [0m] Started LXD - container startup/shutdown.
[[0;32m  OK  [0m] Started Login to default iSCSI targets.
[[0;32m  OK  [0m] Started LSB: MD monitoring daemon.
[[0;32m  OK  [0m] Started LSB: Record successful boot for GRUB.
[[0;32m  OK  [0m] Started Login Service.
         Starting Authenticate and Authorize Users to Run Privileged Tasks...
[[0;32m  OK  [0m] Reached target Remote File Systems (Pre).
[[0;32m  OK  [0m] Reached target Remote File Systems.
         Starting LSB: automatic crash report generation...
         Starting LSB: VirtualBox Linux Additions...
         Starting LSB: Set the CPU Frequency Scaling governor to "ondemand"...
         Starting Permit User Sessions...
         Starting LSB: daemon to balance interrupts for SMP systems...
         Starting OpenBSD Secure Shell server...
[[0;32m  OK  [0m] Started Permit User Sessions.
[[0;32m  OK  [0m] Started Authenticate and Authorize Users to Run Privileged Tasks.
[[0;32m  OK  [0m] Started OpenBSD Secure Shell server.
[[0;32m  OK  [0m] Started Accounts Service.
[[0;32m  OK  [0m] Started LSB: automatic crash report generation.
[[0;32m  OK  [0m] Started LSB: Set the CPU Frequency Scaling governor to "ondemand".
         Starting Terminate Plymouth Boot Screen...
         Starting Hold until boot process finishes up...
[[0;32m  OK  [0m] Started Hold until boot process finishes up.
[[0;32m  OK  [0m] Started LSB: daemon to balance interrupts for SMP systems.
[[0;32m  OK  [0m] Started Terminate Plymouth Boot Screen.
[[0;32m  OK  [0m] Started LSB: VirtualBox Linux Additions.
         Starting Set console scheme...
[[0;32m  OK  [0m] Started Getty on tty1.
[[0;32m  OK  [0m] Started Serial Getty on ttyS0.
[[0;32m  OK  [0m] Reached target Login Prompts.
[[0;32m  OK  [0m] Reached target Multi-User System.
[[0;32m  OK  [0m] Reached target Graphical Interface.
         Starting Update UTMP about System Runlevel Changes...
[[0;32m  OK  [0m] Started Set console scheme.
[[0;32m  OK  [0m] Started Update UTMP about System Runlevel Changes.
[   30.937292] cloud-init[1116]:   en_US.UTF-8... done
[   30.948595] cloud-init[1116]: Generation complete.
         Stopping OpenBSD Secure Shell server...
[[0;32m  OK  [0m] Stopped OpenBSD Secure Shell server.
         Starting OpenBSD Secure Shell server...
[[0;32m  OK  [0m] Started OpenBSD Secure Shell server.
[   31.428225] cloud-init[1116]: Cloud-init v. 0.7.9 running 'modules:config' at Tue, 17 Oct 2017 21:06:00 +0000. Up 29.38 seconds.
[[0;32m  OK  [0m] Started Apply the settings specified in cloud-config.
         Starting Execute cloud user/final scripts...
ci-info: no authorized ssh keys fingerprints found for user ubuntu.
<14>Oct 17 21:06:03 ec2: 
<14>Oct 17 21:06:03 ec2: #############################################################
<14>Oct 17 21:06:03 ec2: -----BEGIN SSH HOST KEY FINGERPRINTS-----
<14>Oct 17 21:06:03 ec2: 1024 SHA256:QTF9OFCdgR2G/OeZM0x5ugwqu+woY+D7o2Pns9kq9Z8 root@ubuntu-xenial (DSA)
<14>Oct 17 21:06:03 ec2: 256 SHA256:PFoI3o5Gf9bgIru4wDi2KBR1MbTCBPjwfR0KxxhwWEk root@ubuntu-xenial (ECDSA)
<14>Oct 17 21:06:03 ec2: 256 SHA256:LZ+U51O3RUIes1W4nG8gptrQCLlhEXb0qqWJiMN8Euw root@ubuntu-xenial (ED25519)
<14>Oct 17 21:06:03 ec2: 2048 SHA256:ipAUeb2oG28+E/SwlwUQZ3ObKTH09rQ2b0anFFJYORU root@ubuntu-xenial (RSA)
<14>Oct 17 21:06:03 ec2: -----END SSH HOST KEY FINGERPRINTS-----
<14>Oct 17 21:06:03 ec2: #############################################################
-----BEGIN SSH HOST KEY KEYS-----
ecdsa-sha2-nistp256 AAAAE2VjZHNhLXNoYTItbmlzdHAyNTYAAAAIbmlzdHAyNTYAAABBBMuiByeHDLQC4Q9+j4F302RVDVOFbdBj41yfCKvKyqf57F92vmq/WR//+yN11JmIO3ICWhtXtAS+HCzEYIQpCM4= root@ubuntu-xenial
ssh-ed25519 AAAAC3NzaC1lZDI1NTE5AAAAIDbhe5SqQUNfYaBiO5pPEjoy5/w8yJpNr1htrTgYKW1a root@ubuntu-xenial
ssh-rsa AAAAB3NzaC1yc2EAAAADAQABAAABAQCl5uMK4D7la6FgKAopWcFStQKkaRkOC10Awy/HpHjZmarVi2JxK6yOFqitJjPzQgInZ0vcfP5UJjQTR7WbVrnG11HeeYJ74+GiIIqa9gFeVYSUrY0fGuwifXojIfsqnlo/hby4UttjqhFpva2YziB9KOkKvsyWPdZyVxRR/JR6Lm+PMDF7RCuHLIDXOd7NAAPjHnLeCimubEJ6ssuaGg9hF6TvQexED8DmHY7Xss9tuOywJMU4tWa/3UPpssX5mPp1njEy1cnIFJXnTOoS+IzetCsq/lx/5mRqcOOYVE8pVubwGhQ89yb4onXLsianaaSI5oM7oO1JoEgDRkvVulFp root@ubuntu-xenial
-----END SSH HOST KEY KEYS-----
[   32.421138] cloud-init[1318]: Cloud-init v. 0.7.9 running 'modules:final' at Tue, 17 Oct 2017 21:06:03 +0000. Up 31.86 seconds.
[   32.446547] cloud-init[1318]: ci-info: no authorized ssh keys fingerprints found for user ubuntu.
[   32.472504] cloud-init[1318]: Cloud-init v. 0.7.9 finished at Tue, 17 Oct 2017 21:06:03 +0000. Datasource DataSourceNoCloud [seed=/dev/sdb][dsmode=net].  Up 32.41 seconds
[[0;32m  OK  [0m] Started Execute cloud user/final scripts.
[[0;32m  OK  [0m] Reached target Cloud-init target.

Ubuntu 16.04.3 LTS ubuntu-xenial ttyS0

ubuntu-xenial login: 